Using pre-set license
Built from '2020.3/staging' branch; Version is '2020.3.0f1 (c7b5465681fb) revision 13088070'; Using compiler version '192528614'; Build Type 'Release'
OS: 'Windows 10 Home; OS build 19042.1165; Version 2009; 64bit' Language: 'en' Physical Memory: 8066 MB
BatchMode: 1, IsHumanControllingUs: 0, StartBugReporterOnCrash: 0, Is64bit: 1, IsPro: 0

 COMMAND LINE ARGUMENTS:
C:\Program Files\Unity\Hub\Editor\2020.3.0f1\Editor\Unity.exe
-adb2
-batchMode
-noUpm
-name
AssetImportWorker1
-projectPath
C:/Users/Veseljka.Pirc/unity projekti/Pipos Dream git/Pipo's Dream - Unity
-logFile
Logs/AssetImportWorker1.log
-srvPort
56075
Successfully changed project path to: C:/Users/Veseljka.Pirc/unity projekti/Pipos Dream git/Pipo's Dream - Unity
C:/Users/Veseljka.Pirc/unity projekti/Pipos Dream git/Pipo's Dream - Unity
Using Asset Import Pipeline V2.
Refreshing native plugins compatible for Editor in 66.55 ms, found 1 plugins.
Preloading 0 native plugins for Editor in 0.00 ms.
Initialize engine version: 2020.3.0f1 (c7b5465681fb)
[Subsystems] Discovering subsystems at path C:/Program Files/Unity/Hub/Editor/2020.3.0f1/Editor/Data/Resources/UnitySubsystems
[Subsystems] Discovering subsystems at path C:/Users/Veseljka.Pirc/unity projekti/Pipos Dream git/Pipo's Dream - Unity/Assets
GfxDevice: creating device client; threaded=0
Direct3D:
    Version:  Direct3D 11.0 [level 11.0]
    Renderer: NVIDIA GeForce 920MX (ID=0x134f)
    Vendor:   
    VRAM:     2010 MB
    Driver:   26.21.14.4187
Initialize mono
Mono path[0] = 'C:/Program Files/Unity/Hub/Editor/2020.3.0f1/Editor/Data/Managed'
Mono path[1] = 'C:/Program Files/Unity/Hub/Editor/2020.3.0f1/Editor/Data/MonoBleedingEdge/lib/mono/unityjit'
Mono config path = 'C:/Program Files/Unity/Hub/Editor/2020.3.0f1/Editor/Data/MonoBleedingEdge/etc'
Using monoOptions --debugger-agent=transport=dt_socket,embedding=1,server=y,suspend=n,address=127.0.0.1:56840
Begin MonoManager ReloadAssembly
Registering precompiled unity dll's ...
Register platform support module: C:/Program Files/Unity/Hub/Editor/2020.3.0f1/Editor/Data/PlaybackEngines/WindowsStandaloneSupport/UnityEditor.WindowsStandalone.Extensions.dll
Registered in 0.004035 seconds.
Native extension for WindowsStandalone target not found
Refreshing native plugins compatible for Editor in 68.13 ms, found 1 plugins.
Preloading 0 native plugins for Editor in 0.00 ms.
Invoked RoslynAnalysisRunner static constructor.
RoslynAnalysisRunner will not be running.
RoslynAnalysisRunner has terminated.
Mono: successfully reloaded assembly
- Completed reload, in  1.991 seconds
Platform modules already initialized, skipping
Registering precompiled user dll's ...
Registered in 0.001948 seconds.
Begin MonoManager ReloadAssembly
Native extension for WindowsStandalone target not found
Refreshing native plugins compatible for Editor in 93.71 ms, found 1 plugins.
Preloading 0 native plugins for Editor in 0.00 ms.
Invoked RoslynAnalysisRunner static constructor.
RoslynAnalysisRunner will not be running.
RoslynAnalysisRunner has terminated.
Mono: successfully reloaded assembly
- Completed reload, in  2.234 seconds
Platform modules already initialized, skipping
========================================================================
Worker process is ready to serve import requests
Launched and connected shader compiler UnityShaderCompiler.exe after 0.24 seconds
Refreshing native plugins compatible for Editor in 0.55 ms, found 1 plugins.
Preloading 0 native plugins for Editor in 0.00 ms.
Unloading 1808 Unused Serialized files (Serialized files now loaded: 0)
System memory in use before: 85.4 MB.
System memory in use after: 85.4 MB.

Unloading 24 unused Assets to reduce memory usage. Loaded Objects now: 2252.
Total: 3.779900 ms (FindLiveObjects: 0.397600 ms CreateObjectMapping: 0.611500 ms MarkObjects: 2.572800 ms  DeleteObjects: 0.196300 ms)

========================================================================
Received Import Request.
  path: Assets/assets/Main_Menu/mp4 versions/VideoTexture1.renderTexture
  artifactKey: Guid(fb115c191985f1146afb9fc71efdc9c4) Importer(815301076,1909f56bfc062723c751e8b465ee728b)
Start importing Assets/assets/Main_Menu/mp4 versions/VideoTexture1.renderTexture using Guid(fb115c191985f1146afb9fc71efdc9c4) Importer(815301076,1909f56bfc062723c751e8b465ee728b)  -> (artifact id: '32f8201caa7b990e129004c6dc29694e') in 1.588227 seconds
  Import took 1.628593 seconds .

========================================================================
Received Import Request.
  Time since last request: 0.022093 seconds.
  path: Assets/assets/Main_Menu/mp4 versions/VideoTexture2.renderTexture
  artifactKey: Guid(a5080a006faad6b4cbfe6b9d7be6f4c6) Importer(815301076,1909f56bfc062723c751e8b465ee728b)
Start importing Assets/assets/Main_Menu/mp4 versions/VideoTexture2.renderTexture using Guid(a5080a006faad6b4cbfe6b9d7be6f4c6) Importer(815301076,1909f56bfc062723c751e8b465ee728b)  -> (artifact id: 'a0fcf98701bd859b46d8237a9a829beb') in 0.212996 seconds
  Import took 0.236755 seconds .

========================================================================
Received Prepare
Registering precompiled user dll's ...
Registered in 0.002319 seconds.
Begin MonoManager ReloadAssembly
Native extension for WindowsStandalone target not found
Refreshing native plugins compatible for Editor in 0.89 ms, found 1 plugins.
Preloading 0 native plugins for Editor in 0.00 ms.
Invoked RoslynAnalysisRunner static constructor.
RoslynAnalysisRunner will not be running.
RoslynAnalysisRunner has terminated.
Mono: successfully reloaded assembly
- Completed reload, in  1.938 seconds
Platform modules already initialized, skipping
Refreshing native plugins compatible for Editor in 0.50 ms, found 1 plugins.
Preloading 0 native plugins for Editor in 0.00 ms.
Unloading 1803 Unused Serialized files (Serialized files now loaded: 0)
System memory in use before: 88.5 MB.
System memory in use after: 88.5 MB.

Unloading 12 unused Assets to reduce memory usage. Loaded Objects now: 2261.
Total: 3.323000 ms (FindLiveObjects: 0.354800 ms CreateObjectMapping: 0.157300 ms MarkObjects: 2.647300 ms  DeleteObjects: 0.160900 ms)

AssetImportWorkerClient::OnTransportError - code=2 error=End of file
